<?xml version="1.0" encoding="utf-8"?><testsuites name="pytest tests"><testsuite name="pytest" errors="0" failures="2" skipped="0" tests="28" time="32.836" timestamp="2026-05-19T17:51:31.956888+00:00" hostname="agent-env-c31402e8-f864-403c-abf1-f4a32027486b"><testcase classname="backend.tests.test_analytics.TestAuthRegression" name="test_admin_login" time="2.912" /><testcase classname="backend.tests.test_analytics.TestAuthRegression" name="test_agent_login" time="1.262" /><testcase classname="backend.tests.test_analytics.TestAnalyticsAuth" name="test_requires_jwt[/api/analytics/overview]" time="0.599" /><testcase classname="backend.tests.test_analytics.TestAnalyticsAuth" name="test_requires_jwt[/api/analytics/leads-by-status]" time="0.438" /><testcase classname="backend.tests.test_analytics.TestAnalyticsAuth" name="test_requires_jwt[/api/analytics/leads-by-source]" time="0.200" /><testcase classname="backend.tests.test_analytics.TestAnalyticsAuth" name="test_requires_jwt[/api/analytics/followups]" time="0.197" /><testcase classname="backend.tests.test_analytics.TestAnalyticsAuth" name="test_requires_jwt[/api/analytics/agents]" time="0.261" /><testcase classname="backend.tests.test_analytics.TestAnalyticsAuth" name="test_requires_jwt[/api/analytics/communications]" time="0.139" /><testcase classname="backend.tests.test_analytics.TestOverview" name="test_overview_default_range_30d" time="3.828" /><testcase classname="backend.tests.test_analytics.TestOverview" name="test_overview_named_ranges[today]" time="0.671" /><testcase classname="backend.tests.test_analytics.TestOverview" name="test_overview_named_ranges[7d]" time="0.844" /><testcase classname="backend.tests.test_analytics.TestOverview" name="test_overview_named_ranges[30d]" time="0.431" /><testcase classname="backend.tests.test_analytics.TestOverview" name="test_overview_custom_range" time="0.426" /><testcase classname="backend.tests.test_analytics.TestOverview" name="test_overview_conversion_math" time="0.440" /><testcase classname="backend.tests.test_analytics.TestLeadBuckets" name="test_leads_by_status_all_buckets" time="0.996" /><testcase classname="backend.tests.test_analytics.TestLeadBuckets" name="test_leads_by_source_all_buckets" time="0.614" /><testcase classname="backend.tests.test_analytics.TestFollowUps" name="test_followups_shape" time="0.576" /><testcase classname="backend.tests.test_analytics.TestAgentPerformance" name="test_admin_sees_all_agents" time="1.323" /><testcase classname="backend.tests.test_analytics.TestAgentPerformance" name="test_agent_sees_only_self" time="3.046" /><testcase classname="backend.tests.test_analytics.TestCommunicationStats" name="test_communications_shape" time="1.159" /><testcase classname="backend.tests.test_analytics.TestRBACScoping" name="test_agent_totals_le_admin" time="4.841" /><testcase classname="backend.tests.test_analytics.TestLeadSourceField" name="test_lead_create_with_source_persists" time="0.137"><failure message="AssertionError: {&quot;error&quot;:&quot;Full name is required&quot;}&#10;assert 400 in (200, 201)&#10; +  where 400 = &lt;Response [400]&gt;.status_code">backend/tests/test_analytics.py:213: in test_lead_create_with_source_persists
    assert r.status_code in (200, 201), r.text
E   AssertionError: {"error":"Full name is required"}
E   assert 400 in (200, 201)
E    +  where 400 = &lt;Response [400]&gt;.status_code</failure></testcase><testcase classname="backend.tests.test_analytics.TestLeadSourceField" name="test_lead_create_without_source_defaults_manual" time="0.214"><failure message="AssertionError: {&quot;error&quot;:&quot;Full name is required&quot;}&#10;assert 400 in (200, 201)&#10; +  where 400 = &lt;Response [400]&gt;.status_code">backend/tests/test_analytics.py:234: in test_lead_create_without_source_defaults_manual
    assert r.status_code in (200, 201), r.text
E   AssertionError: {"error":"Full name is required"}
E   assert 400 in (200, 201)
E    +  where 400 = &lt;Response [400]&gt;.status_code</failure></testcase><testcase classname="backend.tests.test_analytics.TestLeadSourceField" name="test_existing_demo_lead_has_source" time="1.287" /><testcase classname="backend.tests.test_analytics.TestNoRegression" name="test_lists_still_load[/api/leads]" time="0.992" /><testcase classname="backend.tests.test_analytics.TestNoRegression" name="test_lists_still_load[/api/followups]" time="1.393" /><testcase classname="backend.tests.test_analytics.TestNoRegression" name="test_lists_still_load[/api/communications]" time="1.797" /><testcase classname="backend.tests.test_analytics.TestNoRegression" name="test_lists_still_load[/api/activities]" time="1.515" /></testsuite></testsuites>