<?xml version="1.0" encoding="utf-8"?><testsuites name="pytest tests"><testsuite name="pytest" errors="0" failures="0" skipped="0" tests="21" time="67.412" timestamp="2026-05-19T20:44:43.603655+00:00" hostname="agent-env-ef054ac7-b5c5-4d3c-b56f-3c794a196589"><testcase classname="backend.tests.test_clients.TestCreate" name="test_admin_create_success" time="2.950" /><testcase classname="backend.tests.test_clients.TestCreate" name="test_create_requires_fullname" time="0.071" /><testcase classname="backend.tests.test_clients.TestCreate" name="test_agent_create_self_assigned" time="2.134" /><testcase classname="backend.tests.test_clients.TestCreate" name="test_admin_create_linked_lead_logs_link" time="5.471" /><testcase classname="backend.tests.test_clients.TestListing" name="test_list_shape" time="1.164" /><testcase classname="backend.tests.test_clients.TestListing" name="test_search_case_insensitive" time="2.120" /><testcase classname="backend.tests.test_clients.TestListing" name="test_filter_linked_none" time="0.730" /><testcase classname="backend.tests.test_clients.TestListing" name="test_filter_by_assigned_agent" time="0.728" /><testcase classname="backend.tests.test_clients.TestListing" name="test_agent_scope_implicit" time="0.523" /><testcase classname="backend.tests.test_clients.TestRBACRead" name="test_get_one_404" time="0.515" /><testcase classname="backend.tests.test_clients.TestRBACRead" name="test_agent_403_on_other_client" time="1.961" /><testcase classname="backend.tests.test_clients.TestUpdate" name="test_update_notes_logs_event" time="4.602" /><testcase classname="backend.tests.test_clients.TestUpdate" name="test_link_and_unlink_logs" time="6.895" /><testcase classname="backend.tests.test_clients.TestUpdate" name="test_agent_cannot_edit_other" time="2.130" /><testcase classname="backend.tests.test_clients.TestUpdate" name="test_agent_cannot_reassign" time="1.883" /><testcase classname="backend.tests.test_clients.TestAssign" name="test_admin_assign_and_unassign" time="5.517" /><testcase classname="backend.tests.test_clients.TestAssign" name="test_agent_assign_forbidden" time="1.672" /><testcase classname="backend.tests.test_clients.TestDeleteAndCascade" name="test_agent_cannot_delete_other" time="1.894" /><testcase classname="backend.tests.test_clients.TestDeleteAndCascade" name="test_admin_delete_204_and_activity_cascade" time="4.851" /><testcase classname="backend.tests.test_clients.TestDeleteAndCascade" name="test_lead_delete_sets_linked_to_null" time="4.429" /><testcase classname="backend.tests.test_clients.TestTimelineMerge" name="test_merged_sources" time="15.070" /></testsuite></testsuites>