<?xml version="1.0" encoding="utf-8"?><testsuites name="pytest tests"><testsuite name="pytest" errors="0" failures="0" skipped="0" tests="15" time="21.128" timestamp="2026-05-19T14:50:06.486415+00:00" hostname="agent-env-6739df8b-33d9-40e0-ad20-404bc073bfe4"><testcase classname="backend.tests.test_communications.TestListCommunications" name="test_admin_list_shape" time="2.159" /><testcase classname="backend.tests.test_communications.TestListCommunications" name="test_agent_only_sees_own_assigned" time="2.911" /><testcase classname="backend.tests.test_communications.TestConversations" name="test_admin_conversations" time="1.057" /><testcase classname="backend.tests.test_communications.TestLogCall" name="test_log_call_creates_row_and_activity" time="6.258" /><testcase classname="backend.tests.test_communications.TestLogCall" name="test_log_call_missing_required" time="0.377" /><testcase classname="backend.tests.test_communications.TestWhatsAppSend" name="test_expired_token_surfaces_code_190" time="2.119" /><testcase classname="backend.tests.test_communications.TestTemplates" name="test_templates_surface_meta_error" time="0.207" /><testcase classname="backend.tests.test_communications.TestWebhookVerify" name="test_correct_token_echoes_challenge" time="0.135" /><testcase classname="backend.tests.test_communications.TestWebhookVerify" name="test_wrong_token_403" time="0.187" /><testcase classname="backend.tests.test_communications.TestWebhookHMAC" name="test_missing_signature_401" time="0.141" /><testcase classname="backend.tests.test_communications.TestWebhookHMAC" name="test_invalid_signature_401" time="0.148" /><testcase classname="backend.tests.test_communications.TestWebhookHMAC" name="test_valid_signature_200" time="0.127" /><testcase classname="backend.tests.test_communications.TestActivities" name="test_admin_can_list" time="1.038" /><testcase classname="backend.tests.test_communications.TestActivities" name="test_agent_scoping" time="2.435" /><testcase classname="backend.tests.test_communications.TestCrossAgentCallForbidden" name="test_agent_cannot_call_unassigned_lead" time="1.763" /></testsuite></testsuites>