<?xml version="1.0" encoding="utf-8"?><testsuites name="pytest tests"><testsuite name="pytest" errors="0" failures="2" skipped="0" tests="15" time="19.346" timestamp="2026-05-19T14:42:48.058633+00:00" hostname="agent-env-6739df8b-33d9-40e0-ad20-404bc073bfe4"><testcase classname="backend.tests.test_communications.TestListCommunications" name="test_admin_list_shape" time="2.155" /><testcase classname="backend.tests.test_communications.TestListCommunications" name="test_agent_only_sees_own_assigned" time="3.639" /><testcase classname="backend.tests.test_communications.TestConversations" name="test_admin_conversations" time="0.680" /><testcase classname="backend.tests.test_communications.TestLogCall" name="test_log_call_creates_row_and_activity" time="3.878"><failure message="AssertionError: assert None in ('CALL', 'call')&#10; +  where None = &lt;built-in method get of dict object at 0xfad77afbba00&gt;('channel')&#10; +    where &lt;built-in method get of dict object at 0xfad77afbba00&gt; = {'callDuration': None, 'callOutcome': 'INTERESTED', 'createdAt': '2026-05-19T14:42:55.927Z', 'createdBy': {'email': 'agent@realestate.com', 'id': 'cmpcpk2pq0000hah8u1jzt8qs', 'name': 'Test Agent', 'role': 'AGENT'}, ...}.get">backend/tests/test_communications.py:170: in test_log_call_creates_row_and_activity
    assert comm.get("channel") in ("CALL", "call")
E   AssertionError: assert None in ('CALL', 'call')
E    +  where None = &lt;built-in method get of dict object at 0xfad77afbba00&gt;('channel')
E    +    where &lt;built-in method get of dict object at 0xfad77afbba00&gt; = {'callDuration': None, 'callOutcome': 'INTERESTED', 'createdAt': '2026-05-19T14:42:55.927Z', 'createdBy': {'email': 'agent@realestate.com', 'id': 'cmpcpk2pq0000hah8u1jzt8qs', 'name': 'Test Agent', 'role': 'AGENT'}, ...}.get</failure></testcase><testcase classname="backend.tests.test_communications.TestLogCall" name="test_log_call_missing_required" time="0.348" /><testcase classname="backend.tests.test_communications.TestWhatsAppSend" name="test_expired_token_surfaces_code_190" time="2.161"><failure message="AssertionError: Meta error code 190 not surfaced in body: {&quot;error&quot;: &quot;Message body is required&quot;}&#10;assert '190' in '{&quot;error&quot;: &quot;Message body is required&quot;}'">backend/tests/test_communications.py:219: in test_expired_token_surfaces_code_190
    assert "190" in blob, f"Meta error code 190 not surfaced in body: {blob}"
E   AssertionError: Meta error code 190 not surfaced in body: {"error": "Message body is required"}
E   assert '190' in '{"error": "Message body is required"}'</failure></testcase><testcase classname="backend.tests.test_communications.TestTemplates" name="test_templates_surface_meta_error" time="0.300" /><testcase classname="backend.tests.test_communications.TestWebhookVerify" name="test_correct_token_echoes_challenge" time="0.149" /><testcase classname="backend.tests.test_communications.TestWebhookVerify" name="test_wrong_token_403" time="0.157" /><testcase classname="backend.tests.test_communications.TestWebhookHMAC" name="test_missing_signature_401" time="0.131" /><testcase classname="backend.tests.test_communications.TestWebhookHMAC" name="test_invalid_signature_401" time="0.226" /><testcase classname="backend.tests.test_communications.TestWebhookHMAC" name="test_valid_signature_200" time="0.139" /><testcase classname="backend.tests.test_communications.TestActivities" name="test_admin_can_list" time="0.929" /><testcase classname="backend.tests.test_communications.TestActivities" name="test_agent_scoping" time="2.613" /><testcase classname="backend.tests.test_communications.TestCrossAgentCallForbidden" name="test_agent_cannot_call_unassigned_lead" time="1.616" /></testsuite></testsuites>