<?xml version="1.0" encoding="utf-8"?><testsuites name="pytest tests"><testsuite name="pytest" errors="0" failures="0" skipped="0" tests="2" time="6.035" timestamp="2026-05-19T14:49:55.692670+00:00" hostname="agent-env-6739df8b-33d9-40e0-ad20-404bc073bfe4"><testcase classname="backend.tests.test_communications.TestWhatsAppSend" name="test_expired_token_surfaces_code_190" time="5.665" /><testcase classname="backend.tests.test_communications.TestTemplates" name="test_templates_surface_meta_error" time="0.286" /></testsuite></testsuites>