<?xml version="1.0" encoding="utf-8"?><testsuites name="pytest tests"><testsuite name="pytest" errors="0" failures="0" skipped="0" tests="24" time="76.954" timestamp="2026-05-20T07:27:06.204540+00:00" hostname="agent-env-ef054ac7-b5c5-4d3c-b56f-3c794a196589"><testcase classname="backend.tests.test_deals.TestDealCRUDAdmin" name="test_list_shape" time="2.595" /><testcase classname="backend.tests.test_deals.TestDealCRUDAdmin" name="test_create_requires_title" time="3.963" /><testcase classname="backend.tests.test_deals.TestDealCRUDAdmin" name="test_create_requires_positive_amount" time="0.087" /><testcase classname="backend.tests.test_deals.TestDealCRUDAdmin" name="test_create_invalid_fk" time="0.967" /><testcase classname="backend.tests.test_deals.TestDealCRUDAdmin" name="test_admin_create_and_embed" time="3.425" /><testcase classname="backend.tests.test_deals.TestDealCRUDAdmin" name="test_admin_create_with_agent_assignment" time="3.298" /><testcase classname="backend.tests.test_deals.TestDealCRUDAdmin" name="test_get_by_id_404" time="0.302" /><testcase classname="backend.tests.test_deals.TestDealCRUDAdmin" name="test_search_filter_status" time="6.528" /><testcase classname="backend.tests.test_deals.TestDealCRUDAdmin" name="test_update_admin" time="6.859" /><testcase classname="backend.tests.test_deals.TestDealCRUDAdmin" name="test_delete_admin_204_and_404_after" time="3.081" /><testcase classname="backend.tests.test_deals.TestDealRBACAgent" name="test_agent_create_self_owned_only" time="4.460" /><testcase classname="backend.tests.test_deals.TestDealRBACAgent" name="test_agent_scope_list" time="4.446" /><testcase classname="backend.tests.test_deals.TestDealRBACAgent" name="test_agent_cannot_edit_others" time="9.605" /><testcase classname="backend.tests.test_deals.TestDealRBACAgent" name="test_agent_cannot_reassign_via_put" time="8.480" /><testcase classname="backend.tests.test_deals.TestRestrictOnDeleteRelations" name="test_property_delete_restricted_when_referenced" time="4.950" /><testcase classname="backend.tests.test_deals.TestRestrictOnDeleteRelations" name="test_client_delete_restricted_when_referenced" time="4.916" /><testcase classname="backend.tests.test_deals.TestRegression" name="test_module_endpoints_200[/health]" time="0.084" /><testcase classname="backend.tests.test_deals.TestRegression" name="test_module_endpoints_200[/leads]" time="0.951" /><testcase classname="backend.tests.test_deals.TestRegression" name="test_module_endpoints_200[/properties]" time="0.738" /><testcase classname="backend.tests.test_deals.TestRegression" name="test_module_endpoints_200[/clients]" time="1.165" /><testcase classname="backend.tests.test_deals.TestRegression" name="test_module_endpoints_200[/followups]" time="1.409" /><testcase classname="backend.tests.test_deals.TestRegression" name="test_module_endpoints_200[/communications]" time="1.169" /><testcase classname="backend.tests.test_deals.TestRegression" name="test_module_endpoints_200[/analytics/overview]" time="0.735" /><testcase classname="backend.tests.test_deals.TestRegression" name="test_module_endpoints_200[/users]" time="2.639" /></testsuite></testsuites>