<?xml version="1.0" encoding="utf-8"?><testsuites name="pytest tests"><testsuite name="pytest" errors="0" failures="0" skipped="0" tests="14" time="7.899" timestamp="2026-05-19T13:19:59.103734+00:00" hostname="agent-env-b5446777-1bde-406a-8a40-8a08bc6c3a10"><testcase classname="backend.tests.test_followups" name="test_create_followup_requires_fields" time="0.641" /><testcase classname="backend.tests.test_followups" name="test_admin_can_create_and_fetch_followup" time="1.110" /><testcase classname="backend.tests.test_followups" name="test_complete_and_edit_flow" time="0.554" /><testcase classname="backend.tests.test_followups" name="test_list_filters_by_window" time="0.891" /><testcase classname="backend.tests.test_followups" name="test_filter_by_lead_and_status" time="0.286" /><testcase classname="backend.tests.test_followups" name="test_agent_cannot_create_followup_for_others" time="0.581" /><testcase classname="backend.tests.test_followups" name="test_agent_cannot_create_followup_on_unassigned_lead" time="0.366" /><testcase classname="backend.tests.test_followups" name="test_agent_can_create_followup_on_own_lead" time="0.156" /><testcase classname="backend.tests.test_followups" name="test_agent_cannot_view_others_followup" time="0.852" /><testcase classname="backend.tests.test_followups" name="test_agent_cannot_edit_others_followup" time="0.324" /><testcase classname="backend.tests.test_followups" name="test_agent_list_only_returns_own" time="0.368" /><testcase classname="backend.tests.test_followups" name="test_delete_followup_admin_only" time="0.484" /><testcase classname="backend.tests.test_followups" name="test_dashboard_stats_shape_and_scope" time="0.288" /><testcase classname="backend.tests.test_followups" name="test_deleting_lead_cascades_to_followups" time="0.927" /></testsuite></testsuites>