<?xml version="1.0" encoding="utf-8"?><testsuites name="pytest tests"><testsuite name="pytest" errors="0" failures="0" skipped="1" tests="26" time="26.554" timestamp="2026-05-20T12:35:52.922666+00:00" hostname="agent-env-fd9535be-1efb-45be-8423-547296d4839e"><testcase classname="backend.tests.test_super_admin_rbac" name="test_root_user_is_super_admin" time="1.545" /><testcase classname="backend.tests.test_super_admin_rbac" name="test_admin_role_unchanged" time="1.249" /><testcase classname="backend.tests.test_super_admin_rbac" name="test_agent_role_unchanged" time="1.309" /><testcase classname="backend.tests.test_super_admin_rbac" name="test_super_admin_creates_agent" time="1.079" /><testcase classname="backend.tests.test_super_admin_rbac" name="test_super_admin_creates_admin" time="0.884" /><testcase classname="backend.tests.test_super_admin_rbac" name="test_super_admin_creates_super_admin" time="0.862" /><testcase classname="backend.tests.test_super_admin_rbac" name="test_admin_creates_agent_ok" time="0.859" /><testcase classname="backend.tests.test_super_admin_rbac" name="test_admin_cannot_create_admin" time="0.140" /><testcase classname="backend.tests.test_super_admin_rbac" name="test_admin_cannot_create_super_admin" time="0.126" /><testcase classname="backend.tests.test_super_admin_rbac" name="test_agent_cannot_create_users" time="0.125" /><testcase classname="backend.tests.test_super_admin_rbac" name="test_invalid_role_returns_400" time="0.118" /><testcase classname="backend.tests.test_super_admin_rbac" name="test_filter_users_by_super_admin_role" time="0.352" /><testcase classname="backend.tests.test_super_admin_rbac" name="test_admin_cannot_edit_another_admin" time="1.212" /><testcase classname="backend.tests.test_super_admin_rbac" name="test_admin_cannot_edit_super_admin" time="1.231" /><testcase classname="backend.tests.test_super_admin_rbac" name="test_super_admin_promotes_admin_to_super_admin" time="0.574" /><testcase classname="backend.tests.test_super_admin_rbac" name="test_super_admin_demotes_other_super_admin" time="0.796" /><testcase classname="backend.tests.test_super_admin_rbac" name="test_super_admin_cannot_disable_self" time="0.699" /><testcase classname="backend.tests.test_super_admin_rbac" name="test_cannot_demote_last_super_admin" time="4.236" /><testcase classname="backend.tests.test_super_admin_rbac" name="test_cannot_disable_last_super_admin" time="0.696" /><testcase classname="backend.tests.test_super_admin_rbac" name="test_admin_endpoints_accept_super_admin[/api/reports/leads]" time="0.802" /><testcase classname="backend.tests.test_super_admin_rbac" name="test_admin_endpoints_accept_super_admin[/api/system/status]" time="0.363" /><testcase classname="backend.tests.test_super_admin_rbac" name="test_admin_endpoints_accept_super_admin[/api/settings/tenant]" time="1.447" /><testcase classname="backend.tests.test_super_admin_rbac" name="test_admin_endpoints_accept_super_admin[/api/leads/sample-template]" time="0.148" /><testcase classname="backend.tests.test_super_admin_rbac" name="test_agent_sees_only_own_leads" time="0.949" /><testcase classname="backend.tests.test_super_admin_rbac" name="test_cannot_demote_or_disable_last_admin" time="0.342"><skipped type="pytest.skip" message="Expected exactly 1 active ADMIN, found 6; skipping last-ADMIN guard test">/app/backend/tests/test_super_admin_rbac.py:329: Expected exactly 1 active ADMIN, found 6; skipping last-ADMIN guard test</skipped></testcase><testcase classname="backend.tests.test_super_admin_rbac" name="test_zz_cleanup" time="4.308" /></testsuite></testsuites>