<?xml version="1.0" encoding="utf-8"?><testsuites name="pytest tests"><testsuite name="pytest" errors="0" failures="0" skipped="0" tests="12" time="72.032" timestamp="2026-05-20T13:04:06.883582+00:00" hostname="agent-env-fd9535be-1efb-45be-8423-547296d4839e"><testcase classname="backend.tests.test_client_reactivation.TestReactivateRestore" name="test_restore_flips_lost_lead_to_new_preserves_linked_lead_id" time="12.518" /><testcase classname="backend.tests.test_client_reactivation.TestReactivateCreate" name="test_create_synthesises_new_lead_when_no_link" time="6.504" /><testcase classname="backend.tests.test_client_reactivation.TestReactivateValidation" name="test_missing_reason_400" time="2.017" /><testcase classname="backend.tests.test_client_reactivation.TestReactivateValidation" name="test_empty_reason_400" time="1.576" /><testcase classname="backend.tests.test_client_reactivation.TestReactivateValidation" name="test_reason_too_long_400" time="1.642" /><testcase classname="backend.tests.test_client_reactivation.TestReactivate404" name="test_nonexistent_client_404" time="0.339" /><testcase classname="backend.tests.test_client_reactivation.TestReactivateRBAC" name="test_admin_can_reactivate_any_client" time="5.071" /><testcase classname="backend.tests.test_client_reactivation.TestReactivateRBAC" name="test_super_admin_can_reactivate_any_client" time="4.959" /><testcase classname="backend.tests.test_client_reactivation.TestReactivateRBAC" name="test_agent_can_reactivate_own_client" time="7.941" /><testcase classname="backend.tests.test_client_reactivation.TestReactivateRBAC" name="test_agent_cannot_reactivate_others_client" time="4.351" /><testcase classname="backend.tests.test_client_reactivation.TestReactivateTimeline" name="test_timeline_contains_client_reverted_entries" time="12.018" /><testcase classname="backend.tests.test_client_reactivation.TestZZCleanup" name="test_cleanup_all_test_data" time="13.005" /></testsuite></testsuites>