<?xml version="1.0" encoding="utf-8"?><testsuites name="pytest tests"><testsuite name="pytest" errors="0" failures="0" skipped="0" tests="10" time="5.557" timestamp="2026-05-19T12:58:28.960462+00:00" hostname="agent-env-b5446777-1bde-406a-8a40-8a08bc6c3a10"><testcase classname="backend.tests.test_lead_permissions" name="test_users_endpoint_admin_can_list" time="0.813" /><testcase classname="backend.tests.test_lead_permissions" name="test_users_endpoint_agent_forbidden" time="0.677" /><testcase classname="backend.tests.test_lead_permissions" name="test_agents_endpoint_returns_only_agents" time="0.740" /><testcase classname="backend.tests.test_lead_permissions" name="test_agents_endpoint_available_to_agent" time="0.161" /><testcase classname="backend.tests.test_lead_permissions" name="test_admin_can_edit_any_lead" time="0.349" /><testcase classname="backend.tests.test_lead_permissions" name="test_agent_cannot_edit_unassigned_lead" time="0.425" /><testcase classname="backend.tests.test_lead_permissions" name="test_agent_cannot_edit_lead_assigned_to_another_agent" time="0.295" /><testcase classname="backend.tests.test_lead_permissions" name="test_agent_can_edit_own_assigned_lead" time="0.276" /><testcase classname="backend.tests.test_lead_permissions" name="test_agent_cannot_reassign_via_put" time="0.517" /><testcase classname="backend.tests.test_lead_permissions" name="test_agent_put_with_same_assignee_is_allowed" time="1.232" /></testsuite></testsuites>