<?xml version="1.0" encoding="utf-8"?><testsuites name="pytest tests"><testsuite name="pytest" errors="0" failures="1" skipped="0" tests="17" time="8.843" timestamp="2026-05-19T11:42:29.318672+00:00" hostname="agent-env-b5446777-1bde-406a-8a40-8a08bc6c3a10"><testcase classname="backend.tests.test_leads.TestAuth" name="test_admin_login_returns_user_and_token" time="0.588" /><testcase classname="backend.tests.test_leads.TestUsersEndpoint" name="test_list_users_for_dropdown" time="0.590" /><testcase classname="backend.tests.test_leads.TestLeadsCRUD" name="test_create_lead_minimal" time="0.158" /><testcase classname="backend.tests.test_leads.TestLeadsCRUD" name="test_create_lead_full_payload" time="0.345" /><testcase classname="backend.tests.test_leads.TestLeadsCRUD" name="test_create_lead_missing_fullname" time="0.175" /><testcase classname="backend.tests.test_leads.TestLeadsCRUD" name="test_create_lead_blank_fullname" time="0.127" /><testcase classname="backend.tests.test_leads.TestLeadsCRUD" name="test_get_lead_by_id_with_agent" time="0.428" /><testcase classname="backend.tests.test_leads.TestLeadsCRUD" name="test_get_lead_not_found" time="0.140" /><testcase classname="backend.tests.test_leads.TestLeadsCRUD" name="test_update_lead_partial" time="0.426" /><testcase classname="backend.tests.test_leads.TestLeadsCRUD" name="test_delete_lead_admin" time="0.431" /><testcase classname="backend.tests.test_leads.TestLeadsListing" name="test_list_returns_pagination_shape" time="0.128" /><testcase classname="backend.tests.test_leads.TestLeadsListing" name="test_search_by_name" time="0.331" /><testcase classname="backend.tests.test_leads.TestLeadsListing" name="test_filter_by_status_and_property_type" time="0.267" /><testcase classname="backend.tests.test_leads.TestLeadsListing" name="test_pagination_math" time="1.154" /><testcase classname="backend.tests.test_leads.TestAssignAndRoles" name="test_assign_admin_only" time="0.831" /><testcase classname="backend.tests.test_leads.TestAssignAndRoles" name="test_delete_admin_only" time="0.375" /><testcase classname="backend.tests.test_leads.TestAssignAndRoles" name="test_agent_sees_only_assigned_leads" time="2.266"><failure message="assert []">backend/tests/test_leads.py:368: in test_agent_sees_only_assigned_leads
    assert match
E   assert []</failure></testcase></testsuite></testsuites>