<?xml version="1.0" encoding="utf-8"?><testsuites name="pytest tests"><testsuite name="pytest" errors="0" failures="0" skipped="0" tests="24" time="71.169" timestamp="2026-05-20T08:17:48.400049+00:00" hostname="agent-env-0e73237e-8eed-4b14-a58d-c57e88631782"><testcase classname="backend.tests.test_deals.TestDealCRUDAdmin" name="test_list_shape" time="1.713" /><testcase classname="backend.tests.test_deals.TestDealCRUDAdmin" name="test_create_requires_title" time="3.672" /><testcase classname="backend.tests.test_deals.TestDealCRUDAdmin" name="test_create_requires_positive_amount" time="0.074" /><testcase classname="backend.tests.test_deals.TestDealCRUDAdmin" name="test_create_invalid_fk" time="0.764" /><testcase classname="backend.tests.test_deals.TestDealCRUDAdmin" name="test_admin_create_and_embed" time="3.005" /><testcase classname="backend.tests.test_deals.TestDealCRUDAdmin" name="test_admin_create_with_agent_assignment" time="3.265" /><testcase classname="backend.tests.test_deals.TestDealCRUDAdmin" name="test_get_by_id_404" time="0.290" /><testcase classname="backend.tests.test_deals.TestDealCRUDAdmin" name="test_search_filter_status" time="6.063" /><testcase classname="backend.tests.test_deals.TestDealCRUDAdmin" name="test_update_admin" time="7.299" /><testcase classname="backend.tests.test_deals.TestDealCRUDAdmin" name="test_delete_admin_204_and_404_after" time="3.349" /><testcase classname="backend.tests.test_deals.TestDealRBACAgent" name="test_agent_create_self_owned_only" time="4.279" /><testcase classname="backend.tests.test_deals.TestDealRBACAgent" name="test_agent_scope_list" time="5.777" /><testcase classname="backend.tests.test_deals.TestDealRBACAgent" name="test_agent_cannot_edit_others" time="5.637" /><testcase classname="backend.tests.test_deals.TestDealRBACAgent" name="test_agent_cannot_reassign_via_put" time="7.719" /><testcase classname="backend.tests.test_deals.TestRestrictOnDeleteRelations" name="test_property_delete_restricted_when_referenced" time="4.994" /><testcase classname="backend.tests.test_deals.TestRestrictOnDeleteRelations" name="test_client_delete_restricted_when_referenced" time="5.343" /><testcase classname="backend.tests.test_deals.TestRegression" name="test_module_endpoints_200[/health]" time="0.070" /><testcase classname="backend.tests.test_deals.TestRegression" name="test_module_endpoints_200[/leads]" time="0.975" /><testcase classname="backend.tests.test_deals.TestRegression" name="test_module_endpoints_200[/properties]" time="0.738" /><testcase classname="backend.tests.test_deals.TestRegression" name="test_module_endpoints_200[/clients]" time="1.183" /><testcase classname="backend.tests.test_deals.TestRegression" name="test_module_endpoints_200[/followups]" time="1.407" /><testcase classname="backend.tests.test_deals.TestRegression" name="test_module_endpoints_200[/communications]" time="1.408" /><testcase classname="backend.tests.test_deals.TestRegression" name="test_module_endpoints_200[/analytics/overview]" time="0.514" /><testcase classname="backend.tests.test_deals.TestRegression" name="test_module_endpoints_200[/users]" time="1.524" /></testsuite></testsuites>