<?xml version="1.0" encoding="utf-8"?><testsuites name="pytest tests"><testsuite name="pytest" errors="0" failures="0" skipped="0" tests="34" time="30.417" timestamp="2026-05-19T18:26:07.518356+00:00" hostname="agent-env-c31402e8-f864-403c-abf1-f4a32027486b"><testcase classname="backend.tests.test_phase5_csv_users.TestAuthRegression" name="test_admin_login" time="1.063" /><testcase classname="backend.tests.test_phase5_csv_users.TestAuthRegression" name="test_agent_login" time="0.683" /><testcase classname="backend.tests.test_phase5_csv_users.TestUsersRBAC" name="test_agent_get_403" time="0.836" /><testcase classname="backend.tests.test_phase5_csv_users.TestUsersRBAC" name="test_agent_post_403" time="0.137" /><testcase classname="backend.tests.test_phase5_csv_users.TestUsersRBAC" name="test_agent_put_403" time="0.249" /><testcase classname="backend.tests.test_phase5_csv_users.TestUsersRBAC" name="test_no_auth_401" time="0.157" /><testcase classname="backend.tests.test_phase5_csv_users.TestUserList" name="test_list_users" time="1.035" /><testcase classname="backend.tests.test_phase5_csv_users.TestUserList" name="test_filter_role" time="0.583" /><testcase classname="backend.tests.test_phase5_csv_users.TestUserList" name="test_filter_search" time="0.573" /><testcase classname="backend.tests.test_phase5_csv_users.TestUserList" name="test_filter_isactive" time="0.592" /><testcase classname="backend.tests.test_phase5_csv_users.TestUserCRUD" name="test_create_weak_password_400" time="0.346" /><testcase classname="backend.tests.test_phase5_csv_users.TestUserCRUD" name="test_create_user_success" time="1.152" /><testcase classname="backend.tests.test_phase5_csv_users.TestUserCRUD" name="test_create_duplicate_email_409" time="1.259" /><testcase classname="backend.tests.test_phase5_csv_users.TestUserCRUD" name="test_update_user" time="2.267" /><testcase classname="backend.tests.test_phase5_csv_users.TestUserCRUD" name="test_optional_password_only_when_nonempty" time="2.076" /><testcase classname="backend.tests.test_phase5_csv_users.TestSafetyGuards" name="test_self_disable_blocked" time="0.767" /><testcase classname="backend.tests.test_phase5_csv_users.TestSafetyGuards" name="test_last_admin_demote_and_disable_blocked" time="1.928" /><testcase classname="backend.tests.test_phase5_csv_users.TestSafetyGuards" name="test_last_admin_with_second_admin_allows_demote_then_cleanup" time="2.652" /><testcase classname="backend.tests.test_phase5_csv_users.TestDisabledLoginFlow" name="test_disabled_login_returns_403" time="2.707" /><testcase classname="backend.tests.test_phase5_csv_users.TestLeadCsv" name="test_sample_template" time="0.175" /><testcase classname="backend.tests.test_phase5_csv_users.TestLeadCsv" name="test_sample_template_agent_403" time="0.127" /><testcase classname="backend.tests.test_phase5_csv_users.TestLeadCsv" name="test_export_leads_admin" time="0.779" /><testcase classname="backend.tests.test_phase5_csv_users.TestLeadCsv" name="test_export_leads_agent_scoped" time="0.794" /><testcase classname="backend.tests.test_phase5_csv_users.TestLeadCsv" name="test_import_missing_file_400" time="0.123" /><testcase classname="backend.tests.test_phase5_csv_users.TestLeadCsv" name="test_import_agent_403" time="0.158" /><testcase classname="backend.tests.test_phase5_csv_users.TestLeadCsv" name="test_import_mixed" time="1.576" /><testcase classname="backend.tests.test_phase5_csv_users.TestAnalyticsExports" name="test_export_section[overview]" time="0.790" /><testcase classname="backend.tests.test_phase5_csv_users.TestAnalyticsExports" name="test_export_section[leads-by-status]" time="0.565" /><testcase classname="backend.tests.test_phase5_csv_users.TestAnalyticsExports" name="test_export_section[leads-by-source]" time="0.604" /><testcase classname="backend.tests.test_phase5_csv_users.TestAnalyticsExports" name="test_export_section[followups]" time="0.576" /><testcase classname="backend.tests.test_phase5_csv_users.TestAnalyticsExports" name="test_export_section[agents]" time="1.009" /><testcase classname="backend.tests.test_phase5_csv_users.TestAnalyticsExports" name="test_export_section[communications]" time="0.567" /><testcase classname="backend.tests.test_phase5_csv_users.TestAnalyticsExports" name="test_export_with_range" time="1.184" /><testcase classname="backend.tests.test_phase5_csv_users.TestAnalyticsExports" name="test_export_requires_auth" time="0.190" /></testsuite></testsuites>