<?xml version="1.0" encoding="utf-8"?><testsuites name="pytest tests"><testsuite name="pytest" errors="0" failures="0" skipped="0" tests="13" time="96.720" timestamp="2026-05-20T08:16:07.286528+00:00" hostname="agent-env-0e73237e-8eed-4b14-a58d-c57e88631782"><testcase classname="backend.tests.test_deal_timeline.TestTimelineEndpoint" name="test_timeline_shape_and_created_event" time="15.194" /><testcase classname="backend.tests.test_deal_timeline.TestTimelineEndpoint" name="test_activities_alias_matches_timeline" time="6.395" /><testcase classname="backend.tests.test_deal_timeline.TestTimelineEndpoint" name="test_timeline_404_missing_deal" time="0.293" /><testcase classname="backend.tests.test_deal_timeline.TestTimelineEndpoint" name="test_agent_can_read_own_timeline" time="6.019" /><testcase classname="backend.tests.test_deal_timeline.TestTimelineEndpoint" name="test_agent_403_on_non_owned_timeline" time="4.869" /><testcase classname="backend.tests.test_deal_timeline.TestAutoLogging" name="test_create_emits_single_created_event" time="4.361" /><testcase classname="backend.tests.test_deal_timeline.TestAutoLogging" name="test_status_only_change_emits_status_changed" time="8.872" /><testcase classname="backend.tests.test_deal_timeline.TestAutoLogging" name="test_amount_only_change_emits_amount_updated" time="8.910" /><testcase classname="backend.tests.test_deal_timeline.TestAutoLogging" name="test_agent_reassign_emits_event" time="8.653" /><testcase classname="backend.tests.test_deal_timeline.TestAutoLogging" name="test_notes_only_change_emits_notes_updated" time="11.126" /><testcase classname="backend.tests.test_deal_timeline.TestAutoLogging" name="test_multi_field_put_emits_three_events" time="9.740" /><testcase classname="backend.tests.test_deal_timeline.TestAutoLogging" name="test_cosmetic_only_change_no_event" time="8.838" /><testcase classname="backend.tests.test_deal_timeline.TestPhase1Regression" name="test_deals_list_still_200" time="3.271" /></testsuite></testsuites>