<?xml version="1.0" encoding="utf-8"?><testsuites name="pytest tests"><testsuite name="pytest" errors="0" failures="0" skipped="0" tests="35" time="39.181" timestamp="2026-05-19T20:18:50.569611+00:00" hostname="agent-env-ef054ac7-b5c5-4d3c-b56f-3c794a196589"><testcase classname="backend.tests.test_properties" name="test_health" time="0.281" /><testcase classname="backend.tests.test_properties.TestPropertyCreate" name="test_post_requires_title" time="1.055" /><testcase classname="backend.tests.test_properties.TestPropertyCreate" name="test_post_price_must_be_positive" time="0.277" /><testcase classname="backend.tests.test_properties.TestPropertyCreate" name="test_post_area_must_be_positive" time="0.160" /><testcase classname="backend.tests.test_properties.TestPropertyCreate" name="test_admin_create_with_default_owner" time="2.063" /><testcase classname="backend.tests.test_properties.TestPropertyCreate" name="test_agent_create_ignores_ownerAgentId" time="3.054" /><testcase classname="backend.tests.test_properties.TestPropertyList" name="test_list_returns_paginated_shape" time="0.572" /><testcase classname="backend.tests.test_properties.TestPropertyList" name="test_admin_and_agent_see_all" time="1.173" /><testcase classname="backend.tests.test_properties.TestPropertyList" name="test_filter_by_city_case_insensitive" time="0.885" /><testcase classname="backend.tests.test_properties.TestPropertyList" name="test_filter_by_status" time="0.811" /><testcase classname="backend.tests.test_properties.TestPropertyList" name="test_filter_by_propertyType" time="1.961" /><testcase classname="backend.tests.test_properties.TestPropertyList" name="test_filter_by_price_range" time="1.001" /><testcase classname="backend.tests.test_properties.TestPropertyList" name="test_search_by_title" time="0.906" /><testcase classname="backend.tests.test_properties.TestPropertyList" name="test_sort_by_price_asc" time="0.989" /><testcase classname="backend.tests.test_properties.TestPropertyGet" name="test_get_by_id_includes_ownerAgent" time="0.823" /><testcase classname="backend.tests.test_properties.TestPropertyGet" name="test_get_404" time="0.382" /><testcase classname="backend.tests.test_properties.TestPropertyUpdate" name="test_admin_updates_any" time="1.657" /><testcase classname="backend.tests.test_properties.TestPropertyUpdate" name="test_agent_cannot_update_other" time="0.580" /><testcase classname="backend.tests.test_properties.TestPropertyUpdate" name="test_agent_updates_own" time="1.890" /><testcase classname="backend.tests.test_properties.TestPropertyUpdate" name="test_agent_cannot_reassign_owner" time="0.604" /><testcase classname="backend.tests.test_properties.TestPropertyAssign" name="test_agent_cannot_assign" time="0.176" /><testcase classname="backend.tests.test_properties.TestPropertyAssign" name="test_admin_can_assign_and_clear" time="2.891" /><testcase classname="backend.tests.test_properties.TestMatchingLeads" name="test_matching_leads_admin" time="1.882" /><testcase classname="backend.tests.test_properties.TestMatchingLeads" name="test_matching_leads_agent_scoped" time="1.482" /><testcase classname="backend.tests.test_properties.TestCloudinarySignature" name="test_no_auth_returns_401" time="0.172" /><testcase classname="backend.tests.test_properties.TestCloudinarySignature" name="test_signature_ok" time="0.184" /><testcase classname="backend.tests.test_properties.TestCloudinarySignature" name="test_reject_non_allowed_folder" time="0.177" /><testcase classname="backend.tests.test_properties.TestEndToEndUpload" name="test_e2e_upload_and_persist" time="2.688" /><testcase classname="backend.tests.test_properties.TestPropertyDeleteAndCleanup" name="test_agent_cannot_delete_other" time="0.370" /><testcase classname="backend.tests.test_properties.TestPropertyDeleteAndCleanup" name="test_zzz_cleanup" time="3.077" /><testcase classname="backend.tests.test_properties.TestRegression" name="test_leads" time="0.606" /><testcase classname="backend.tests.test_properties.TestRegression" name="test_followups" time="1.530" /><testcase classname="backend.tests.test_properties.TestRegression" name="test_communications" time="1.255" /><testcase classname="backend.tests.test_properties.TestRegression" name="test_analytics" time="0.800" /><testcase classname="backend.tests.test_properties.TestRegression" name="test_users" time="0.612" /></testsuite></testsuites>