<?xml version="1.0" encoding="utf-8"?><testsuites name="pytest tests"><testsuite name="pytest" errors="0" failures="0" skipped="0" tests="8" time="2.648" timestamp="2026-05-19T11:14:41.323622+00:00" hostname="agent-env-b5446777-1bde-406a-8a40-8a08bc6c3a10"><testcase classname="backend.tests.test_auth.TestHealth" name="test_health_check" time="0.255" /><testcase classname="backend.tests.test_auth.TestAuthLogin" name="test_login_success" time="0.465" /><testcase classname="backend.tests.test_auth.TestAuthLogin" name="test_login_wrong_password" time="0.433" /><testcase classname="backend.tests.test_auth.TestAuthLogin" name="test_login_wrong_email" time="0.170" /><testcase classname="backend.tests.test_auth.TestAuthLogin" name="test_login_missing_fields" time="0.181" /><testcase classname="backend.tests.test_auth.TestAuthMe" name="test_me_with_valid_token" time="0.602" /><testcase classname="backend.tests.test_auth.TestAuthMe" name="test_me_without_token" time="0.121" /><testcase classname="backend.tests.test_auth.TestAuthMe" name="test_me_with_invalid_token" time="0.175" /></testsuite></testsuites>