<?xml version="1.0" encoding="utf-8"?><testsuites name="pytest tests"><testsuite name="pytest" errors="0" failures="0" skipped="0" tests="36" time="21.144" timestamp="2026-05-20T08:42:45.016441+00:00" hostname="agent-env-0e73237e-8eed-4b14-a58d-c57e88631782"><testcase classname="backend.tests.test_reports.TestReportsRBAC" name="test_admin_200[/reports/leads]" time="2.022" /><testcase classname="backend.tests.test_reports.TestReportsRBAC" name="test_admin_200[/reports/leads/export]" time="0.505" /><testcase classname="backend.tests.test_reports.TestReportsRBAC" name="test_admin_200[/reports/properties]" time="0.287" /><testcase classname="backend.tests.test_reports.TestReportsRBAC" name="test_admin_200[/reports/properties/export]" time="0.288" /><testcase classname="backend.tests.test_reports.TestReportsRBAC" name="test_admin_200[/reports/clients]" time="0.290" /><testcase classname="backend.tests.test_reports.TestReportsRBAC" name="test_admin_200[/reports/clients/export]" time="0.298" /><testcase classname="backend.tests.test_reports.TestReportsRBAC" name="test_admin_200[/reports/deals]" time="0.666" /><testcase classname="backend.tests.test_reports.TestReportsRBAC" name="test_admin_200[/reports/deals/export]" time="0.707" /><testcase classname="backend.tests.test_reports.TestReportsRBAC" name="test_admin_200[/reports/agents]" time="0.510" /><testcase classname="backend.tests.test_reports.TestReportsRBAC" name="test_admin_200[/reports/agents/export]" time="0.649" /><testcase classname="backend.tests.test_reports.TestReportsRBAC" name="test_agent_403[/reports/leads]" time="0.781" /><testcase classname="backend.tests.test_reports.TestReportsRBAC" name="test_agent_403[/reports/leads/export]" time="0.071" /><testcase classname="backend.tests.test_reports.TestReportsRBAC" name="test_agent_403[/reports/properties]" time="0.068" /><testcase classname="backend.tests.test_reports.TestReportsRBAC" name="test_agent_403[/reports/properties/export]" time="0.067" /><testcase classname="backend.tests.test_reports.TestReportsRBAC" name="test_agent_403[/reports/clients]" time="0.075" /><testcase classname="backend.tests.test_reports.TestReportsRBAC" name="test_agent_403[/reports/clients/export]" time="0.065" /><testcase classname="backend.tests.test_reports.TestReportsRBAC" name="test_agent_403[/reports/deals]" time="0.065" /><testcase classname="backend.tests.test_reports.TestReportsRBAC" name="test_agent_403[/reports/deals/export]" time="0.064" /><testcase classname="backend.tests.test_reports.TestReportsRBAC" name="test_agent_403[/reports/agents]" time="0.067" /><testcase classname="backend.tests.test_reports.TestReportsRBAC" name="test_agent_403[/reports/agents/export]" time="0.065" /><testcase classname="backend.tests.test_reports.TestLeadReportShape" name="test_shape" time="0.289" /><testcase classname="backend.tests.test_reports.TestPropertyReportShape" name="test_shape" time="0.512" /><testcase classname="backend.tests.test_reports.TestClientReportShape" name="test_shape" time="0.297" /><testcase classname="backend.tests.test_reports.TestDealReportShape" name="test_shape" time="0.520" /><testcase classname="backend.tests.test_reports.TestAgentReportShape" name="test_shape" time="0.511" /><testcase classname="backend.tests.test_reports.TestDateRangeFilter" name="test_leads_filter_subset" time="0.798" /><testcase classname="backend.tests.test_reports.TestDateRangeFilter" name="test_deals_filter_subset" time="1.246" /><testcase classname="backend.tests.test_reports.TestCSVExports" name="test_csv_headers_and_parse[/reports/leads/export]" time="0.291" /><testcase classname="backend.tests.test_reports.TestCSVExports" name="test_csv_headers_and_parse[/reports/properties/export]" time="0.288" /><testcase classname="backend.tests.test_reports.TestCSVExports" name="test_csv_headers_and_parse[/reports/clients/export]" time="0.289" /><testcase classname="backend.tests.test_reports.TestCSVExports" name="test_csv_headers_and_parse[/reports/deals/export]" time="0.516" /><testcase classname="backend.tests.test_reports.TestCSVExports" name="test_csv_headers_and_parse[/reports/agents/export]" time="0.512" /><testcase classname="backend.tests.test_reports.TestNotifications" name="test_admin_shape" time="1.617" /><testcase classname="backend.tests.test_reports.TestNotifications" name="test_agent_shape" time="2.503" /><testcase classname="backend.tests.test_reports.TestNotifications" name="test_agent_scoped_subset" time="3.017" /><testcase classname="backend.tests.test_reports.TestNotifications" name="test_no_auth_401" time="0.188" /></testsuite></testsuites>